++ pwd
+ PATH=/usr/lib64/qt-3.3/bin:/opt/rh/devtoolset-7/root/usr/bin:/usr/local/bin:/usr/bin:/usr/local/sbin:/usr/sbin:/usr/local/texlive/2017/bin/x86_64-linux:/usr/local/codebench/bin:/afs/cats.ucsc.edu/users/o/gchen34/bin:.:/afs/cats.ucsc.edu/courses/cmps112-wm/usr/racket/bin:/afs/cats.ucsc.edu/courses/cmps112-wm/bin:/afs/cats.ucsc.edu/courses/cmps112-wm/usr/ocaml/bin:/afs/cats.ucsc.edu/courses/cmps112-wm/bin/:/afs/cats.ucsc.edu/users/o/gchen34/cmps112/asg4/.score
+ export PATH
++ pwd
+ for dir in '$(pwd)/test*'
+ cd /afs/cats.ucsc.edu/users/o/gchen34/cmps112/asg4/.score/test0
+ pwd
/afs/cats.ucsc.edu/users/o/gchen34/cmps112/asg4/.score/test0
+ sh mk.test
@ echo foo - command not echoed
pmake: Can't exec "@": 没有那个文件或目录 at /afs/cats.ucsc.edu/users/o/gchen34/cmps112/asg4/.score/pmake line 322.
pmake: [***] Error -1 (ignored)
@ echo bar - command not echoed
pmake: Can't exec "@": 没有那个文件或目录 at /afs/cats.ucsc.edu/users/o/gchen34/cmps112/asg4/.score/pmake line 322.
pmake: [***] Error -1 (ignored)
echo all - command '*IS*' echoed
all - command *IS* echoed
+ for dir in '$(pwd)/test*'
+ cd /afs/cats.ucsc.edu/users/o/gchen34/cmps112/asg4/.score/test1
+ pwd
/afs/cats.ucsc.edu/users/o/gchen34/cmps112/asg4/.score/test1
+ sh mk.test
+ for dir in '$(pwd)/test*'
+ cd /afs/cats.ucsc.edu/users/o/gchen34/cmps112/asg4/.score/test2
+ pwd
/afs/cats.ucsc.edu/users/o/gchen34/cmps112/asg4/.score/test2
+ sh mk.test
+ for dir in '$(pwd)/test*'
+ cd /afs/cats.ucsc.edu/users/o/gchen34/cmps112/asg4/.score/test3
+ pwd
/afs/cats.ucsc.edu/users/o/gchen34/cmps112/asg4/.score/test3
+ sh mk.test
+ for dir in '$(pwd)/test*'
+ cd /afs/cats.ucsc.edu/users/o/gchen34/cmps112/asg4/.score/test4
+ pwd
/afs/cats.ucsc.edu/users/o/gchen34/cmps112/asg4/.score/test4
+ sh mk.test
+ for dir in '$(pwd)/test*'
+ cd /afs/cats.ucsc.edu/users/o/gchen34/cmps112/asg4/.score/test5
+ pwd
/afs/cats.ucsc.edu/users/o/gchen34/cmps112/asg4/.score/test5
+ sh mk.test
rm: 无法删除"hello": 没有那个文件或目录
